{
  "RSpec": {
    "coverage": {
      "/home/osboxes/Documents/Athene/spec/controllers/autenticacao_controller_spec.rb": [
        1,
        null,
        1,
        1,
        2,
        null,
        null,
        1,
        1,
        null,
        null,
        1,
        1,
        null,
        null,
        1,
        1,
        null,
        4,
        null,
        1,
        1,
        1,
        1,
        null,
        null,
        null,
        1,
        1,
        2,
        null,
        null,
        1,
        2,
        null,
        null,
        1,
        1,
        1,
        1,
        null,
        null,
        1,
        1,
        1,
        1,
        null,
        null,
        null,
        null
      ],
      "/home/osboxes/Documents/Athene/spec/rails_helper.rb": [
        null,
        1,
        1,
        1,
        null,
        1,
        1,
        null,
        null,
        null,
        null,
        null,
        null,
        null,
        null,
        null,
        null,
        null,
        null,
        null,
        null,
        null,
        null,
        null,
        null,
        null,
        1,
        null,
        1,
        null,
        1,
        null,
        null,
        null,
        null,
        1,
        null,
        null,
        null,
        null,
        null,
        null,
        null,
        null,
        null,
        null,
        null,
        null,
        null,
        null,
        1,
        null,
        null,
        1,
        null,
        null,
        null
      ],
      "/home/osboxes/Documents/Athene/config/environment.rb": [
        null,
        1,
        null,
        null,
        1
      ],
      "/home/osboxes/Documents/Athene/config/application.rb": [
        1,
        null,
        1,
        null,
        null,
        null,
        1,
        null,
        1,
        1,
        null,
        1,
        1,
        null,
        null,
        null,
        null,
        null,
        null
      ],
      "/home/osboxes/Documents/Athene/config/boot.rb": [
        1,
        null,
        1,
        1
      ],
      "/home/osboxes/Documents/Athene/config/environments/test.rb": [
        1,
        null,
        null,
        null,
        null,
        null,
        null,
        1,
        null,
        null,
        null,
        null,
        1,
        null,
        null,
        1,
        1,
        null,
        null,
        null,
        null,
        1,
        1,
        null,
        null,
        1,
        null,
        null,
        1,
        null,
        null,
        1,
        null,
        1,
        null,
        null,
        null,
        null,
        1,
        null,
        null,
        1,
        null,
        null,
        null,
        null
      ],
      "/home/osboxes/Documents/Athene/config/initializers/application_controller_renderer.rb": [
        null,
        null,
        null,
        null,
        null,
        null,
        null,
        null
      ],
      "/home/osboxes/Documents/Athene/config/initializers/assets.rb": [
        null,
        null,
        null,
        1,
        null,
        null,
        null,
        null,
        1,
        null,
        null,
        null,
        null
      ],
      "/home/osboxes/Documents/Athene/config/initializers/backtrace_silencers.rb": [
        null,
        null,
        null,
        null,
        null,
        null,
        null
      ],
      "/home/osboxes/Documents/Athene/config/initializers/content_security_policy.rb": [
        null,
        null,
        null,
        null,
        null,
        null,
        null,
        null,
        null,
        null,
        null,
        null,
        null,
        null,
        null,
        null,
        null,
        null,
        null,
        null,
        null,
        null,
        null,
        null,
        null
      ],
      "/home/osboxes/Documents/Athene/config/initializers/cookies_serializer.rb": [
        null,
        null,
        null,
        null,
        1
      ],
      "/home/osboxes/Documents/Athene/config/initializers/filter_parameter_logging.rb": [
        null,
        null,
        null,
        1
      ],
      "/home/osboxes/Documents/Athene/config/initializers/inflections.rb": [
        null,
        null,
        null,
        null,
        null,
        null,
        null,
        null,
        null,
        null,
        null,
        null,
        null,
        null,
        null,
        null
      ],
      "/home/osboxes/Documents/Athene/config/initializers/mime_types.rb": [
        null,
        null,
        null,
        null
      ],
      "/home/osboxes/Documents/Athene/config/initializers/wrap_parameters.rb": [
        null,
        null,
        null,
        null,
        null,
        null,
        1,
        2,
        null,
        null,
        null,
        null,
        null,
        null
      ],
      "/home/osboxes/Documents/Athene/config/routes.rb": [
        1,
        1,
        1,
        1,
        1,
        1,
        1,
        1,
        1,
        1,
        1,
        null,
        1,
        null,
        null
      ],
      "/home/osboxes/Documents/Athene/app/helpers/application_helper.rb": [
        1,
        null
      ],
      "/home/osboxes/Documents/Athene/app/helpers/autenticacao_helper.rb": [
        1,
        null,
        1,
        2,
        null,
        null,
        null
      ],
      "/home/osboxes/Documents/Athene/app/helpers/comments_helper.rb": [
        1,
        null
      ],
      "/home/osboxes/Documents/Athene/app/helpers/users_helper.rb": [
        1,
        null
      ],
      "/home/osboxes/Documents/Athene/app/helpers/videos_helper.rb": [
        1,
        1,
        4,
        null,
        null,
        1,
        4,
        2,
        null,
        2,
        2,
        0,
        null,
        2,
        null,
        null,
        1,
        3,
        1,
        null,
        2,
        2,
        1,
        null,
        1,
        null,
        null,
        2,
        null,
        null,
        1,
        2,
        1,
        null,
        1,
        null,
        null
      ],
      "/home/osboxes/Documents/Athene/app/controllers/autenticacao_controller.rb": [
        1,
        1,
        4,
        0,
        null,
        4,
        0,
        0,
        null,
        null,
        null,
        1,
        0,
        0,
        null,
        null,
        1,
        1,
        0,
        0,
        0,
        0,
        0,
        0,
        null,
        0,
        null,
        0,
        0,
        0,
        null,
        0,
        null,
        null,
        null
      ],
      "/home/osboxes/Documents/Athene/app/controllers/application_controller.rb": [
        1,
        null,
        null,
        1,
        null
      ],
      "/home/osboxes/Documents/Athene/spec/controllers/comments_controller_spec.rb": [
        1,
        null,
        1,
        1,
        4,
        4,
        4,
        4,
        4,
        4,
        4,
        4,
        4,
        4,
        null,
        null,
        1,
        2,
        null,
        null,
        1,
        4,
        4,
        null,
        null,
        1,
        3,
        null,
        null,
        1,
        1,
        null,
        null,
        5,
        null,
        1,
        1,
        1,
        1,
        1,
        null,
        1,
        null,
        null,
        null,
        1,
        1,
        1,
        1,
        1,
        null,
        null,
        null,
        null,
        1,
        1,
        1,
        1,
        1,
        null,
        null,
        null,
        1,
        1,
        1,
        1,
        null,
        null,
        null,
        null
      ],
      "/home/osboxes/Documents/Athene/app/controllers/comments_controller.rb": [
        1,
        1,
        2,
        2,
        2,
        2,
        2,
        1,
        1,
        2,
        null,
        0,
        null,
        null,
        2,
        null,
        2,
        null,
        null,
        null,
        1,
        2,
        2,
        null,
        2,
        4,
        2,
        2,
        null,
        null,
        null,
        1,
        null,
        1,
        9,
        null,
        null,
        1,
        2,
        null,
        null,
        1,
        4,
        null,
        null,
        1,
        1,
        null,
        null,
        1,
        2,
        null,
        null,
        1,
        1,
        null,
        0,
        0,
        null,
        null,
        null
      ],
      "/home/osboxes/Documents/Athene/spec/controllers/users_controller_spec.rb": [
        1,
        null,
        null,
        null,
        null,
        null,
        null,
        null,
        null,
        null,
        null,
        null,
        null,
        null,
        null,
        null,
        null,
        null,
        null,
        null,
        null,
        null,
        null,
        null,
        null,
        1,
        null,
        null,
        null,
        null,
        1,
        10,
        null,
        null,
        1,
        2,
        null,
        null,
        null,
        null,
        null,
        13,
        null,
        1,
        1,
        1,
        1,
        1,
        null,
        null,
        null,
        1,
        1,
        1,
        1,
        1,
        null,
        null,
        null,
        1,
        1,
        1,
        1,
        null,
        null,
        null,
        1,
        1,
        1,
        1,
        1,
        null,
        null,
        null,
        1,
        1,
        1,
        1,
        1,
        null,
        null,
        null,
        1,
        1,
        1,
        null,
        null,
        null,
        1,
        1,
        1,
        1,
        null,
        null,
        null,
        null,
        1,
        1,
        1,
        1,
        null,
        null,
        1,
        1,
        1,
        1,
        1,
        null,
        null,
        1,
        1,
        1,
        1,
        null,
        null,
        null,
        1,
        1,
        1,
        1,
        1,
        null,
        null,
        null,
        null,
        1,
        1,
        1,
        1,
        1,
        null,
        null,
        null,
        1,
        1,
        1,
        1,
        null,
        null,
        null,
        null
      ],
      "/home/osboxes/Documents/Athene/app/controllers/users_controller.rb": [
        1,
        1,
        null,
        null,
        null,
        1,
        2,
        null,
        null,
        null,
        null,
        1,
        null,
        null,
        null,
        1,
        1,
        null,
        null,
        null,
        1,
        null,
        null,
        null,
        null,
        1,
        3,
        null,
        3,
        3,
        4,
        2,
        null,
        2,
        1,
        null,
        null,
        null,
        null,
        null,
        null,
        1,
        3,
        3,
        2,
        1,
        null,
        4,
        2,
        null,
        null,
        null,
        null,
        null,
        null,
        1,
        2,
        2,
        2,
        2,
        4,
        2,
        null,
        null,
        null,
        1,
        null,
        1,
        7,
        null,
        null,
        null,
        1,
        6,
        null,
        null
      ],
      "/home/osboxes/Documents/Athene/spec/controllers/videos_controller_spec.rb": [
        1,
        null,
        null,
        null,
        null,
        null,
        null,
        null,
        null,
        null,
        null,
        null,
        null,
        null,
        null,
        null,
        null,
        null,
        null,
        null,
        null,
        null,
        null,
        null,
        null,
        1,
        null,
        null,
        null,
        null,
        1,
        6,
        null,
        null,
        1,
        0,
        null,
        null,
        1,
        0,
        null,
        null,
        1,
        0,
        null,
        null,
        null,
        null,
        null,
        8,
        null,
        1,
        1,
        1,
        1,
        1,
        null,
        null,
        null,
        1,
        1,
        1,
        1,
        1,
        null,
        null,
        null,
        1,
        1,
        1,
        1,
        null,
        null,
        null,
        1,
        1,
        1,
        1,
        1,
        null,
        null,
        null,
        1,
        1,
        1,
        1,
        1,
        null,
        null,
        null,
        1,
        1,
        1,
        1,
        1,
        null,
        null,
        null,
        1,
        1,
        1,
        1,
        null,
        null,
        null,
        null
      ],
      "/home/osboxes/Documents/Athene/app/controllers/videos_controller.rb": [
        1,
        null,
        1,
        1,
        null,
        null,
        1,
        2,
        0,
        0,
        0,
        null,
        0,
        null,
        null,
        2,
        0,
        0,
        null,
        2,
        null,
        null,
        null,
        null,
        1,
        null,
        null,
        null,
        null,
        1,
        1,
        1,
        1,
        1,
        null,
        null,
        null,
        null,
        1,
        1,
        null,
        null,
        null,
        1,
        null,
        null,
        1,
        0,
        0,
        0,
        0,
        0,
        0,
        0,
        null,
        0,
        0,
        null,
        null,
        null,
        null,
        null,
        null,
        1,
        0,
        0,
        0,
        0,
        null,
        0,
        null,
        0,
        0,
        0,
        0,
        null,
        0,
        null,
        null,
        0,
        null,
        0,
        0,
        0,
        0,
        0,
        null,
        0,
        0,
        null,
        null,
        null,
        null,
        1,
        0,
        0,
        0,
        0,
        0,
        null,
        0,
        0,
        0,
        0,
        0,
        0,
        0,
        null,
        null,
        1,
        0,
        0,
        0,
        0,
        null,
        0,
        0,
        0,
        0,
        null,
        0,
        0,
        null,
        0,
        null,
        null,
        1,
        2,
        2,
        null,
        2,
        null,
        null,
        null,
        1,
        0,
        0,
        0,
        0,
        null,
        0,
        0,
        null,
        null,
        null,
        null,
        null,
        null,
        1,
        2,
        2,
        null,
        2,
        4,
        2,
        null,
        null,
        null,
        1,
        null,
        1,
        5,
        null,
        null,
        null,
        1,
        0,
        null,
        null
      ],
      "/home/osboxes/Documents/Athene/spec/helpers/autenticacao_helper_spec.rb": [
        1,
        null,
        1,
        1,
        1,
        1,
        null,
        null,
        1,
        1,
        null,
        null,
        null
      ],
      "/home/osboxes/Documents/Athene/spec/helpers/comments_helper_spec.rb": [
        1,
        null,
        null,
        null,
        null,
        null,
        null,
        null,
        null,
        null,
        null,
        null,
        1,
        null
      ],
      "/home/osboxes/Documents/Athene/spec/helpers/videos_helper_spec.rb": [
        1,
        null,
        1,
        1,
        1,
        1,
        null,
        null,
        1,
        1,
        null,
        null,
        null,
        1,
        1,
        1,
        null,
        null,
        1,
        1,
        null,
        null,
        1,
        1,
        null,
        null,
        1,
        1,
        1,
        1,
        1,
        null,
        null,
        null,
        1,
        1,
        null,
        null,
        1,
        1,
        null,
        null,
        null,
        1,
        1,
        1,
        1,
        null,
        null,
        1,
        1,
        null,
        null,
        1,
        1,
        null,
        null,
        1,
        1,
        null,
        null,
        1,
        1,
        null,
        null,
        null,
        1,
        1,
        1,
        null,
        null,
        1,
        1,
        null,
        null,
        null
      ],
      "/home/osboxes/Documents/Athene/spec/models/comment_spec.rb": [
        1,
        null,
        1,
        1,
        2,
        2,
        2,
        2,
        2,
        2,
        2,
        2,
        null,
        null,
        1,
        2,
        2,
        null,
        null,
        1,
        1,
        null,
        null,
        1,
        1,
        null,
        null,
        1,
        1,
        null,
        null,
        1,
        1,
        null,
        null
      ],
      "/home/osboxes/Documents/Athene/app/models/comment.rb": [
        1,
        1,
        null,
        1,
        1,
        null,
        null,
        null,
        null,
        null,
        1,
        null,
        null,
        1,
        null,
        null,
        null,
        null,
        1,
        8,
        null,
        null,
        null,
        null,
        null,
        null,
        1,
        0,
        null,
        null,
        null,
        null,
        1,
        0,
        null,
        null,
        null,
        null,
        1,
        0,
        null,
        null,
        null,
        null,
        1,
        0,
        null,
        null
      ],
      "/home/osboxes/Documents/Athene/spec/models/user_spec.rb": [
        1,
        null,
        1,
        1,
        1,
        null,
        null,
        1,
        1,
        null,
        null,
        1,
        1,
        null,
        null,
        1,
        1,
        null,
        null
      ],
      "/home/osboxes/Documents/Athene/app/models/user.rb": [
        1,
        1,
        1,
        1,
        null,
        1,
        30,
        30,
        1,
        1,
        null,
        30,
        null,
        null
      ],
      "/home/osboxes/Documents/Athene/app/models/application_record.rb": [
        1,
        1,
        null
      ],
      "/home/osboxes/Documents/Athene/spec/models/video_spec.rb": [
        1,
        null,
        1,
        1,
        1,
        null,
        null,
        1,
        1,
        null,
        null,
        1,
        1,
        null,
        null,
        1,
        1,
        null,
        null
      ],
      "/home/osboxes/Documents/Athene/app/models/video.rb": [
        1,
        1,
        1,
        1,
        1,
        1,
        null,
        1,
        20,
        1,
        1,
        null,
        19,
        null,
        20,
        null,
        null,
        1,
        20,
        1,
        null,
        20,
        20,
        null,
        null
      ],
      "/home/osboxes/Documents/Athene/spec/requests/autenticacao_spec.rb": [
        1,
        null,
        1,
        1,
        1,
        1,
        1,
        null,
        null,
        null
      ],
      "/home/osboxes/Documents/Athene/spec/requests/users_spec.rb": [
        1,
        null,
        1,
        1,
        1,
        1,
        1,
        null,
        null,
        null
      ],
      "/home/osboxes/Documents/Athene/spec/requests/videos_spec.rb": [
        1,
        null,
        1,
        1,
        1,
        1,
        1,
        null,
        null,
        null
      ],
      "/home/osboxes/Documents/Athene/spec/routing/autenticacao_routing_spec.rb": [
        1,
        null,
        1,
        1,
        1,
        null,
        null
      ],
      "/home/osboxes/Documents/Athene/spec/routing/users_routing_spec.rb": [
        1,
        null,
        1,
        1,
        null,
        1,
        1,
        null,
        null,
        1,
        1,
        null,
        null,
        1,
        1,
        null,
        null,
        1,
        1,
        null,
        null,
        1,
        1,
        null,
        null,
        1,
        1,
        null,
        null,
        1,
        1,
        null,
        null,
        1,
        1,
        null,
        null,
        1,
        1,
        null,
        null,
        null,
        null
      ],
      "/home/osboxes/Documents/Athene/spec/routing/videos_routing_spec.rb": [
        1,
        null,
        1,
        1,
        null,
        1,
        1,
        null,
        null,
        1,
        1,
        null,
        null,
        1,
        1,
        null,
        null,
        1,
        1,
        null,
        null,
        1,
        1,
        null,
        null,
        1,
        1,
        null,
        null,
        1,
        1,
        null,
        null,
        1,
        1,
        null,
        null,
        null,
        null
      ],
      "/home/osboxes/Documents/Athene/spec/views/autenticacao/_login_form.html.erb_spec.rb": [
        1,
        null,
        1,
        1,
        1,
        1,
        1,
        1,
        null,
        null
      ],
      "/home/osboxes/Documents/Athene/spec/views/autenticacao/login.html.erb_spec.rb": [
        1,
        null,
        1,
        1,
        1,
        1,
        null,
        null
      ],
      "/home/osboxes/Documents/Athene/spec/views/comments/_form.html.erb_spec.rb": [
        1,
        null,
        1,
        1,
        1,
        1,
        1,
        1,
        1,
        1,
        1,
        null,
        null,
        1,
        1,
        1,
        null,
        null,
        1,
        1,
        1,
        1,
        null,
        null
      ],
      "/home/osboxes/Documents/Athene/spec/views/comments/_reply.html.erb_spec.rb": [
        1,
        null,
        1,
        1,
        1,
        1,
        1,
        1,
        1,
        1,
        1,
        1,
        1,
        1,
        1,
        null,
        null,
        1,
        1,
        1,
        1,
        null,
        null,
        1,
        1,
        1,
        1,
        1,
        null,
        null
      ],
      "/home/osboxes/Documents/Athene/spec/views/comments/_template.html.erb_spec.rb": [
        1,
        null,
        1,
        1,
        1,
        1,
        1,
        1,
        1,
        1,
        1,
        1,
        1,
        1,
        null,
        null,
        1,
        1,
        1,
        1,
        1,
        null,
        null,
        1,
        1,
        1,
        1,
        null,
        null
      ],
      "/home/osboxes/Documents/Athene/spec/views/users/edit.html.erb_spec.rb": [
        1,
        null,
        1,
        1,
        1,
        null,
        null,
        1,
        1,
        null,
        1,
        null,
        null,
        null
      ],
      "/home/osboxes/Documents/Athene/spec/views/users/index.html.erb_spec.rb": [
        1,
        null,
        1,
        1,
        1,
        null,
        null,
        null,
        null,
        null,
        1,
        1,
        null,
        null
      ],
      "/home/osboxes/Documents/Athene/spec/views/users/new.html.erb_spec.rb": [
        1,
        null,
        1,
        1,
        1,
        null,
        null,
        1,
        1,
        null,
        1,
        1,
        1,
        1,
        null,
        null,
        null
      ],
      "/home/osboxes/Documents/Athene/spec/views/users/show.html.erb_spec.rb": [
        1,
        null,
        1,
        1,
        1,
        null,
        null,
        1,
        1,
        null,
        null
      ],
      "/home/osboxes/Documents/Athene/spec/views/videos/edit.html.erb_spec.rb": [
        1,
        null,
        1,
        1,
        1,
        null,
        null,
        null,
        null,
        null,
        null,
        1,
        1,
        null,
        1,
        null,
        1,
        null,
        1,
        null,
        1,
        null,
        null,
        null
      ],
      "/home/osboxes/Documents/Athene/spec/views/videos/index.html.erb_spec.rb": [
        1,
        null,
        1,
        1,
        1,
        1,
        1,
        1,
        1,
        1,
        1,
        1,
        1,
        1,
        1,
        null,
        null,
        1,
        1,
        1,
        1,
        null,
        1,
        null,
        null,
        1,
        1,
        1,
        1,
        1,
        null,
        null
      ],
      "/home/osboxes/Documents/Athene/spec/views/videos/new.html.erb_spec.rb": [
        1,
        null,
        1,
        1,
        1,
        null,
        null,
        null,
        null,
        null,
        null,
        null,
        1,
        1,
        null,
        1,
        null,
        1,
        null,
        1,
        null,
        1,
        null,
        1,
        null,
        null,
        null
      ],
      "/home/osboxes/Documents/Athene/spec/views/videos/show.html.erb_spec.rb": [
        1,
        null,
        1,
        1,
        1,
        1,
        1,
        1,
        1,
        1,
        1,
        null,
        null,
        1,
        1,
        1,
        null,
        null,
        1,
        1,
        1,
        null,
        null,
        1,
        1,
        1,
        1,
        1,
        1,
        1,
        1,
        1,
        1,
        null,
        null
      ],
      "/home/osboxes/Documents/Athene/spec/views/videos/show_error.html.erb_spec.rb": [
        1,
        null,
        1,
        1,
        1,
        1,
        null,
        null
      ]
    },
    "timestamp": 1530930038
  },
  "Cucumber Features": {
    "coverage": {
      "/home/osboxes/Documents/Athene/features/step_definitions/autenticacao/cadastro_steps.rb": [
        1,
        3,
        3,
        3,
        0,
        null,
        null,
        null,
        1,
        1,
        1,
        1,
        0,
        null,
        1,
        1,
        null,
        null,
        1,
        null,
        4,
        12,
        null,
        null,
        null,
        1,
        4,
        null,
        null,
        1,
        4,
        4,
        null
      ],
      "/home/osboxes/Documents/Athene/features/step_definitions/autenticacao/login_steps.rb": [
        1,
        6,
        6,
        0,
        null,
        6,
        6,
        null,
        null,
        1,
        1,
        1,
        null,
        null,
        1,
        5,
        5,
        null,
        null,
        1,
        null,
        5,
        10,
        null,
        null,
        null,
        1,
        5,
        null,
        null,
        1,
        5,
        5,
        null,
        null,
        1,
        1,
        1,
        1,
        null,
        null,
        1,
        1,
        null,
        null,
        1,
        1,
        1,
        null,
        null
      ],
      "/home/osboxes/Documents/Athene/features/step_definitions/videos/comments_steps.rb": [
        1,
        4,
        4,
        4,
        null,
        null,
        1,
        8,
        8,
        8,
        8,
        8,
        8,
        8,
        null,
        null,
        1,
        2,
        null,
        null,
        1,
        6,
        6,
        6,
        6,
        null,
        null,
        1,
        6,
        6,
        6,
        6,
        null,
        null,
        1,
        6,
        2,
        4,
        1,
        3,
        2,
        null,
        1,
        null,
        null,
        null,
        1,
        1,
        null,
        null,
        1,
        1,
        1,
        1,
        1,
        1,
        1,
        1,
        1,
        null,
        null,
        1,
        4,
        4,
        4,
        null,
        null,
        1,
        1,
        null,
        null,
        1,
        1,
        1,
        1,
        1,
        1,
        null,
        null,
        1,
        0,
        null,
        null,
        1,
        2,
        2,
        2,
        2,
        null,
        null,
        1,
        1,
        null
      ],
      "/home/osboxes/Documents/Athene/features/step_definitions/videos/envio_de_videos_steps.rb": [
        1,
        4,
        4,
        0,
        null,
        4,
        4,
        4,
        4,
        null,
        null,
        1,
        4,
        4,
        null,
        null,
        1,
        null,
        8,
        16,
        null,
        null,
        null,
        1,
        6,
        6,
        null,
        null,
        1,
        8,
        null,
        null,
        1,
        8,
        8,
        6,
        6,
        null,
        8,
        8,
        8,
        8,
        null
      ],
      "/home/osboxes/Documents/Athene/features/step_definitions/videos/stream_steps.rb": [
        1,
        2,
        1,
        1,
        1,
        1,
        1,
        1,
        null,
        2,
        null,
        null,
        1,
        1,
        null,
        null,
        1,
        1,
        null,
        null,
        1,
        1,
        1,
        null,
        null,
        1,
        1,
        null,
        null,
        1,
        1,
        null
      ],
      "/home/osboxes/Documents/Athene/features/step_definitions/videos/videos_recomendados_steps.rb": [
        1,
        3,
        3,
        3,
        3,
        3,
        3,
        3,
        null,
        null,
        1,
        2,
        2,
        null,
        null,
        1,
        1,
        1,
        1,
        null,
        null,
        1,
        1,
        null,
        null,
        1,
        1,
        null,
        null,
        1,
        1,
        null
      ],
      "/home/osboxes/Documents/Athene/app/controllers/users_controller.rb": [
        1,
        1,
        null,
        null,
        null,
        1,
        0,
        null,
        null,
        null,
        null,
        1,
        null,
        null,
        null,
        1,
        5,
        null,
        null,
        null,
        1,
        null,
        null,
        null,
        null,
        1,
        4,
        null,
        4,
        4,
        2,
        1,
        null,
        6,
        3,
        null,
        null,
        null,
        null,
        null,
        null,
        1,
        0,
        0,
        0,
        0,
        null,
        0,
        0,
        null,
        null,
        null,
        null,
        null,
        null,
        1,
        0,
        0,
        0,
        0,
        0,
        0,
        null,
        null,
        null,
        1,
        null,
        1,
        0,
        null,
        null,
        null,
        1,
        4,
        null,
        null
      ],
      "/home/osboxes/Documents/Athene/app/controllers/application_controller.rb": [
        1,
        null,
        null,
        1,
        null
      ],
      "/home/osboxes/Documents/Athene/app/helpers/application_helper.rb": [
        1,
        null
      ],
      "/home/osboxes/Documents/Athene/app/helpers/autenticacao_helper.rb": [
        1,
        null,
        1,
        5,
        null,
        null,
        null
      ],
      "/home/osboxes/Documents/Athene/app/helpers/comments_helper.rb": [
        1,
        null
      ],
      "/home/osboxes/Documents/Athene/app/helpers/users_helper.rb": [
        1,
        null
      ],
      "/home/osboxes/Documents/Athene/app/helpers/videos_helper.rb": [
        1,
        1,
        9,
        null,
        null,
        1,
        18,
        4,
        null,
        14,
        14,
        3,
        null,
        11,
        null,
        null,
        1,
        1,
        1,
        null,
        0,
        0,
        0,
        null,
        0,
        null,
        null,
        0,
        null,
        null,
        1,
        9,
        2,
        null,
        7,
        null,
        null
      ],
      "/home/osboxes/Documents/Athene/app/models/user.rb": [
        1,
        1,
        1,
        1,
        null,
        1,
        23,
        23,
        1,
        1,
        null,
        23,
        null,
        null
      ],
      "/home/osboxes/Documents/Athene/app/models/application_record.rb": [
        1,
        1,
        null
      ],
      "/home/osboxes/Documents/Athene/app/controllers/autenticacao_controller.rb": [
        1,
        1,
        12,
        5,
        null,
        12,
        0,
        0,
        null,
        null,
        null,
        1,
        1,
        1,
        null,
        null,
        1,
        1,
        5,
        5,
        3,
        1,
        2,
        1,
        null,
        1,
        null,
        2,
        1,
        1,
        null,
        1,
        null,
        null,
        null
      ],
      "/home/osboxes/Documents/Athene/app/models/video.rb": [
        1,
        1,
        1,
        1,
        1,
        1,
        null,
        1,
        20,
        4,
        4,
        null,
        16,
        null,
        20,
        null,
        null,
        1,
        20,
        2,
        null,
        20,
        20,
        null,
        null
      ],
      "/home/osboxes/Documents/Athene/app/controllers/videos_controller.rb": [
        1,
        null,
        1,
        1,
        null,
        null,
        1,
        23,
        23,
        23,
        22,
        null,
        1,
        null,
        null,
        0,
        0,
        0,
        null,
        0,
        null,
        null,
        null,
        null,
        1,
        null,
        null,
        null,
        null,
        1,
        31,
        31,
        31,
        31,
        null,
        null,
        null,
        null,
        1,
        8,
        null,
        null,
        null,
        1,
        null,
        null,
        1,
        0,
        0,
        0,
        0,
        0,
        0,
        0,
        null,
        0,
        0,
        null,
        null,
        null,
        null,
        null,
        null,
        1,
        8,
        8,
        0,
        0,
        null,
        8,
        null,
        8,
        6,
        6,
        0,
        null,
        6,
        null,
        null,
        2,
        null,
        8,
        8,
        8,
        4,
        2,
        null,
        12,
        6,
        null,
        null,
        null,
        null,
        1,
        0,
        0,
        0,
        0,
        0,
        null,
        0,
        0,
        0,
        0,
        0,
        0,
        0,
        null,
        null,
        1,
        6,
        6,
        6,
        6,
        null,
        6,
        4,
        4,
        4,
        null,
        2,
        0,
        null,
        6,
        null,
        null,
        1,
        0,
        0,
        null,
        0,
        null,
        null,
        null,
        1,
        0,
        0,
        0,
        0,
        null,
        0,
        0,
        null,
        null,
        null,
        null,
        null,
        null,
        1,
        0,
        0,
        null,
        0,
        0,
        0,
        null,
        null,
        null,
        1,
        null,
        1,
        31,
        null,
        null,
        null,
        1,
        8,
        null,
        null
      ],
      "/home/osboxes/Documents/Athene/app/models/comment.rb": [
        1,
        1,
        null,
        1,
        1,
        null,
        null,
        null,
        null,
        null,
        1,
        null,
        null,
        1,
        null,
        null,
        null,
        null,
        1,
        42,
        null,
        null,
        null,
        null,
        null,
        null,
        1,
        0,
        null,
        null,
        null,
        null,
        1,
        0,
        null,
        null,
        null,
        null,
        1,
        0,
        null,
        null,
        null,
        null,
        1,
        0,
        null,
        null
      ],
      "/home/osboxes/Documents/Athene/app/controllers/comments_controller.rb": [
        1,
        1,
        5,
        5,
        5,
        5,
        5,
        3,
        3,
        6,
        null,
        0,
        null,
        null,
        4,
        null,
        5,
        null,
        null,
        null,
        1,
        2,
        2,
        null,
        2,
        4,
        2,
        2,
        null,
        null,
        null,
        1,
        null,
        1,
        25,
        null,
        null,
        1,
        5,
        null,
        null,
        1,
        10,
        null,
        null,
        1,
        5,
        null,
        null,
        1,
        5,
        null,
        null,
        1,
        3,
        null,
        2,
        2,
        null,
        null,
        null
      ]
    },
    "timestamp": 1530930160
  }
}
